2017/01/24 09:43:30 [error] [exception.CHttpException.404] exception 'CHttpException' with message 'Unable to resolve the request "layouts/indexHome</a".' in C:\yii\framework\web\CWebApplication.php:286
Stack trace:
#0 C:\yii\framework\web\CWebApplication.php(141): CWebApplication->runController('layouts/indexHo...')
#1 C:\yii\framework\base\CApplication.php(184): CWebApplication->processRequest()
#2 C:\xampp\htdocs\brainyshapes\index.php(13): CApplication->run()
#3 {main}
REQUEST_URI=/brainyshapes/index.php?r=layouts/indexHome%3C/a
HTTP_REFERER=http://localhost/brainyshapes/index.php
---
2017/01/24 09:44:01 [error] [exception.CHttpException.404] exception 'CHttpException' with message 'Unable to resolve the request "layouts/indexHome</a".' in C:\yii\framework\web\CWebApplication.php:286
Stack trace:
#0 C:\yii\framework\web\CWebApplication.php(141): CWebApplication->runController('layouts/indexHo...')
#1 C:\yii\framework\base\CApplication.php(184): CWebApplication->processRequest()
#2 C:\xampp\htdocs\brainyshapes\index.php(13): CApplication->run()
#3 {main}
REQUEST_URI=/brainyshapes/index.php?r=layouts/indexHome%3C/a
HTTP_REFERER=http://localhost/brainyshapes/index.php
---
2017/01/24 09:44:04 [error] [exception.CHttpException.404] exception 'CHttpException' with message 'Unable to resolve the request "layouts/index</a".' in C:\yii\framework\web\CWebApplication.php:286
Stack trace:
#0 C:\yii\framework\web\CWebApplication.php(141): CWebApplication->runController('layouts/index</...')
#1 C:\yii\framework\base\CApplication.php(184): CWebApplication->processRequest()
#2 C:\xampp\htdocs\brainyshapes\index.php(13): CApplication->run()
#3 {main}
REQUEST_URI=/brainyshapes/index.php?r=layouts/index%3C/a
HTTP_REFERER=http://localhost/brainyshapes/index.php?r=layouts/indexHome%3C/a
---
2017/01/24 09:44:06 [error] [exception.CHttpException.404] exception 'CHttpException' with message 'Unable to resolve the request "layouts/index</a".' in C:\yii\framework\web\CWebApplication.php:286
Stack trace:
#0 C:\yii\framework\web\CWebApplication.php(141): CWebApplication->runController('layouts/index</...')
#1 C:\yii\framework\base\CApplication.php(184): CWebApplication->processRequest()
#2 C:\xampp\htdocs\brainyshapes\index.php(13): CApplication->run()
#3 {main}
REQUEST_URI=/brainyshapes/index.php?r=layouts/index%3C/a
HTTP_REFERER=http://localhost/brainyshapes/index.php?r=layouts/index%3C/a
---
2017/01/24 09:44:18 [error] [exception.CHttpException.404] exception 'CHttpException' with message 'Unable to resolve the request "layouts/index</a".' in C:\yii\framework\web\CWebApplication.php:286
Stack trace:
#0 C:\yii\framework\web\CWebApplication.php(141): CWebApplication->runController('layouts/index</...')
#1 C:\yii\framework\base\CApplication.php(184): CWebApplication->processRequest()
#2 C:\xampp\htdocs\brainyshapes\index.php(13): CApplication->run()
#3 {main}
REQUEST_URI=/brainyshapes/index.php?r=layouts/index%3C/a
HTTP_REFERER=http://localhost/brainyshapes/index.php?r=layouts/index%3C/a
---
2017/01/24 09:44:53 [error] [exception.CHttpException.404] exception 'CHttpException' with message 'Unable to resolve the request "layouts/index</a".' in C:\yii\framework\web\CWebApplication.php:286
Stack trace:
#0 C:\yii\framework\web\CWebApplication.php(141): CWebApplication->runController('layouts/index</...')
#1 C:\yii\framework\base\CApplication.php(184): CWebApplication->processRequest()
#2 C:\xampp\htdocs\brainyshapes\index.php(13): CApplication->run()
#3 {main}
REQUEST_URI=/brainyshapes/index.php?r=layouts/index%3C/a
HTTP_REFERER=http://localhost/brainyshapes/index.php?r=layouts/index%3C/a
---
2017/01/24 09:45:04 [error] [exception.CHttpException.404] exception 'CHttpException' with message 'Unable to resolve the request "layouts/index</a".' in C:\yii\framework\web\CWebApplication.php:286
Stack trace:
#0 C:\yii\framework\web\CWebApplication.php(141): CWebApplication->runController('layouts/index</...')
#1 C:\yii\framework\base\CApplication.php(184): CWebApplication->processRequest()
#2 C:\xampp\htdocs\brainyshapes\index.php(13): CApplication->run()
#3 {main}
REQUEST_URI=/brainyshapes/index.php?r=layouts/index%3C/a
HTTP_REFERER=http://localhost/brainyshapes/index.php?r=layouts/index%3C/a
---
2017/01/24 09:46:02 [error] [exception.CHttpException.404] exception 'CHttpException' with message 'Unable to resolve the request "layouts/index</a".' in C:\yii\framework\web\CWebApplication.php:286
Stack trace:
#0 C:\yii\framework\web\CWebApplication.php(141): CWebApplication->runController('layouts/index</...')
#1 C:\yii\framework\base\CApplication.php(184): CWebApplication->processRequest()
#2 C:\xampp\htdocs\brainyshapes\index.php(13): CApplication->run()
#3 {main}
REQUEST_URI=/brainyshapes/index.php?r=layouts/index%3C/a
HTTP_REFERER=http://localhost/brainyshapes/index.php?r=layouts/index%3C/a
---
2017/01/24 09:46:16 [error] [exception.CHttpException.404] exception 'CHttpException' with message 'Unable to resolve the request "layouts/index</a".' in C:\yii\framework\web\CWebApplication.php:286
Stack trace:
#0 C:\yii\framework\web\CWebApplication.php(141): CWebApplication->runController('layouts/index</...')
#1 C:\yii\framework\base\CApplication.php(184): CWebApplication->processRequest()
#2 C:\xampp\htdocs\brainyshapes\index.php(13): CApplication->run()
#3 {main}
REQUEST_URI=/brainyshapes/index.php?r=layouts/index%3C/a
HTTP_REFERER=http://localhost/brainyshapes/index.php?r=layouts/index%3C/a
---
2017/01/24 09:47:25 [error] [exception.CHttpException.404] exception 'CHttpException' with message 'Unable to resolve the request "layouts/index</a".' in C:\yii\framework\web\CWebApplication.php:286
Stack trace:
#0 C:\yii\framework\web\CWebApplication.php(141): CWebApplication->runController('layouts/index</...')
#1 C:\yii\framework\base\CApplication.php(184): CWebApplication->processRequest()
#2 C:\xampp\htdocs\brainyshapes\index.php(13): CApplication->run()
#3 {main}
REQUEST_URI=/brainyshapes/index.php?r=layouts/index%3C/a
HTTP_REFERER=http://localhost/brainyshapes/index.php?r=layouts/index%3C/a
---
2017/01/24 09:47:27 [error] [exception.CHttpException.404] exception 'CHttpException' with message 'Unable to resolve the request "layouts/main</a".' in C:\yii\framework\web\CWebApplication.php:286
Stack trace:
#0 C:\yii\framework\web\CWebApplication.php(141): CWebApplication->runController('layouts/main</a')
#1 C:\yii\framework\base\CApplication.php(184): CWebApplication->processRequest()
#2 C:\xampp\htdocs\brainyshapes\index.php(13): CApplication->run()
#3 {main}
REQUEST_URI=/brainyshapes/index.php?r=layouts/main%3C/a
HTTP_REFERER=http://localhost/brainyshapes/index.php?r=layouts/index%3C/a
---
2017/01/24 09:47:35 [error] [exception.CHttpException.404] exception 'CHttpException' with message 'Unable to resolve the request "layouts/main</a".' in C:\yii\framework\web\CWebApplication.php:286
Stack trace:
#0 C:\yii\framework\web\CWebApplication.php(141): CWebApplication->runController('layouts/main</a')
#1 C:\yii\framework\base\CApplication.php(184): CWebApplication->processRequest()
#2 C:\xampp\htdocs\brainyshapes\index.php(13): CApplication->run()
#3 {main}
REQUEST_URI=/brainyshapes/index.php?r=layouts/main%3C/a
HTTP_REFERER=http://localhost/brainyshapes/index.php?r=layouts/main%3C/a
---
2017/01/24 09:50:10 [error] [exception.CHttpException.404] exception 'CHttpException' with message 'Unable to resolve the request "layouts/main</a".' in C:\yii\framework\web\CWebApplication.php:286
Stack trace:
#0 C:\yii\framework\web\CWebApplication.php(141): CWebApplication->runController('layouts/main</a')
#1 C:\yii\framework\base\CApplication.php(184): CWebApplication->processRequest()
#2 C:\xampp\htdocs\brainyshapes\index.php(13): CApplication->run()
#3 {main}
REQUEST_URI=/brainyshapes/index.php?r=layouts/main%3C/a
HTTP_REFERER=http://localhost/brainyshapes/index.php?r=layouts/main%3C/a
---
2017/01/24 09:50:19 [error] [exception.CHttpException.404] exception 'CHttpException' with message 'Unable to resolve the request "layouts/main</a".' in C:\yii\framework\web\CWebApplication.php:286
Stack trace:
#0 C:\yii\framework\web\CWebApplication.php(141): CWebApplication->runController('layouts/main</a')
#1 C:\yii\framework\base\CApplication.php(184): CWebApplication->processRequest()
#2 C:\xampp\htdocs\brainyshapes\index.php(13): CApplication->run()
#3 {main}
REQUEST_URI=/brainyshapes/index.php?r=layouts/main%3C/a
HTTP_REFERER=http://localhost/brainyshapes/index.php?r=layouts/main%3C/a
---
2017/01/24 09:50:20 [error] [exception.CHttpException.404] exception 'CHttpException' with message 'Unable to resolve the request "layouts/main".' in C:\yii\framework\web\CWebApplication.php:286
Stack trace:
#0 C:\yii\framework\web\CWebApplication.php(141): CWebApplication->runController('layouts/main')
#1 C:\yii\framework\base\CApplication.php(184): CWebApplication->processRequest()
#2 C:\xampp\htdocs\brainyshapes\index.php(13): CApplication->run()
#3 {main}
REQUEST_URI=/brainyshapes/index.php?r=layouts/main
HTTP_REFERER=http://localhost/brainyshapes/index.php?r=layouts/main%3C/a
---
2017/01/24 09:50:50 [error] [exception.CHttpException.404] exception 'CHttpException' with message 'Unable to resolve the request "layouts/main".' in C:\yii\framework\web\CWebApplication.php:286
Stack trace:
#0 C:\yii\framework\web\CWebApplication.php(141): CWebApplication->runController('layouts/main')
#1 C:\yii\framework\base\CApplication.php(184): CWebApplication->processRequest()
#2 C:\xampp\htdocs\brainyshapes\index.php(13): CApplication->run()
#3 {main}
REQUEST_URI=/brainyshapes/index.php?r=layouts/main
HTTP_REFERER=http://localhost/brainyshapes/index.php?r=layouts/main%3C/a
---
2017/01/24 09:50:55 [error] [exception.CHttpException.404] exception 'CHttpException' with message 'Unable to resolve the request "layouts/generic".' in C:\yii\framework\web\CWebApplication.php:286
Stack trace:
#0 C:\yii\framework\web\CWebApplication.php(141): CWebApplication->runController('layouts/generic')
#1 C:\yii\framework\base\CApplication.php(184): CWebApplication->processRequest()
#2 C:\xampp\htdocs\brainyshapes\index.php(13): CApplication->run()
#3 {main}
REQUEST_URI=/brainyshapes/index.php?r=layouts/generic
HTTP_REFERER=http://localhost/brainyshapes/index.php?r=layouts/main
---
2017/01/24 09:50:59 [error] [exception.CHttpException.404] exception 'CHttpException' with message 'Unable to resolve the request "layouts/main".' in C:\yii\framework\web\CWebApplication.php:286
Stack trace:
#0 C:\yii\framework\web\CWebApplication.php(141): CWebApplication->runController('layouts/main')
#1 C:\yii\framework\base\CApplication.php(184): CWebApplication->processRequest()
#2 C:\xampp\htdocs\brainyshapes\index.php(13): CApplication->run()
#3 {main}
REQUEST_URI=/brainyshapes/index.php?r=layouts/main
HTTP_REFERER=http://localhost/brainyshapes/index.php?r=layouts/generic
---
2017/01/24 09:51:02 [error] [exception.CHttpException.404] exception 'CHttpException' with message 'Unable to resolve the request "layouts/generic".' in C:\yii\framework\web\CWebApplication.php:286
Stack trace:
#0 C:\yii\framework\web\CWebApplication.php(141): CWebApplication->runController('layouts/generic')
#1 C:\yii\framework\base\CApplication.php(184): CWebApplication->processRequest()
#2 C:\xampp\htdocs\brainyshapes\index.php(13): CApplication->run()
#3 {main}
REQUEST_URI=/brainyshapes/index.php?r=layouts/generic
HTTP_REFERER=http://localhost/brainyshapes/index.php?r=layouts/main
---
2017/01/24 09:51:53 [error] [exception.CHttpException.404] exception 'CHttpException' with message 'Unable to resolve the request "layouts/generic".' in C:\yii\framework\web\CWebApplication.php:286
Stack trace:
#0 C:\yii\framework\web\CWebApplication.php(141): CWebApplication->runController('layouts/generic')
#1 C:\yii\framework\base\CApplication.php(184): CWebApplication->processRequest()
#2 C:\xampp\htdocs\brainyshapes\index.php(13): CApplication->run()
#3 {main}
REQUEST_URI=/brainyshapes/index.php?r=layouts/generic
HTTP_REFERER=http://localhost/brainyshapes/index.php?r=layouts/generic
---
2017/01/24 09:51:57 [error] [exception.CHttpException.404] exception 'CHttpException' with message 'Unable to resolve the request "layouts/generic".' in C:\yii\framework\web\CWebApplication.php:286
Stack trace:
#0 C:\yii\framework\web\CWebApplication.php(141): CWebApplication->runController('layouts/generic')
#1 C:\yii\framework\base\CApplication.php(184): CWebApplication->processRequest()
#2 C:\xampp\htdocs\brainyshapes\index.php(13): CApplication->run()
#3 {main}
REQUEST_URI=/brainyshapes/index.php?r=layouts/generic
HTTP_REFERER=http://localhost/brainyshapes/index.php?r=layouts/generic
---
2017/01/24 09:51:58 [error] [exception.CHttpException.404] exception 'CHttpException' with message 'Unable to resolve the request "layouts/generic".' in C:\yii\framework\web\CWebApplication.php:286
Stack trace:
#0 C:\yii\framework\web\CWebApplication.php(141): CWebApplication->runController('layouts/generic')
#1 C:\yii\framework\base\CApplication.php(184): CWebApplication->processRequest()
#2 C:\xampp\htdocs\brainyshapes\index.php(13): CApplication->run()
#3 {main}
REQUEST_URI=/brainyshapes/index.php?r=layouts/generic
HTTP_REFERER=http://localhost/brainyshapes/index.php?r=layouts/generic
---
2017/01/24 09:51:58 [error] [exception.CHttpException.404] exception 'CHttpException' with message 'Unable to resolve the request "layouts/generic".' in C:\yii\framework\web\CWebApplication.php:286
Stack trace:
#0 C:\yii\framework\web\CWebApplication.php(141): CWebApplication->runController('layouts/generic')
#1 C:\yii\framework\base\CApplication.php(184): CWebApplication->processRequest()
#2 C:\xampp\htdocs\brainyshapes\index.php(13): CApplication->run()
#3 {main}
REQUEST_URI=/brainyshapes/index.php?r=layouts/generic
HTTP_REFERER=http://localhost/brainyshapes/index.php?r=layouts/generic
---
2017/01/24 09:51:59 [error] [exception.CHttpException.404] exception 'CHttpException' with message 'Unable to resolve the request "layouts/generic".' in C:\yii\framework\web\CWebApplication.php:286
Stack trace:
#0 C:\yii\framework\web\CWebApplication.php(141): CWebApplication->runController('layouts/generic')
#1 C:\yii\framework\base\CApplication.php(184): CWebApplication->processRequest()
#2 C:\xampp\htdocs\brainyshapes\index.php(13): CApplication->run()
#3 {main}
REQUEST_URI=/brainyshapes/index.php?r=layouts/generic
HTTP_REFERER=http://localhost/brainyshapes/index.php?r=layouts/generic
---
2017/01/24 09:51:59 [error] [exception.CHttpException.404] exception 'CHttpException' with message 'Unable to resolve the request "layouts/generic".' in C:\yii\framework\web\CWebApplication.php:286
Stack trace:
#0 C:\yii\framework\web\CWebApplication.php(141): CWebApplication->runController('layouts/generic')
#1 C:\yii\framework\base\CApplication.php(184): CWebApplication->processRequest()
#2 C:\xampp\htdocs\brainyshapes\index.php(13): CApplication->run()
#3 {main}
REQUEST_URI=/brainyshapes/index.php?r=layouts/generic
HTTP_REFERER=http://localhost/brainyshapes/index.php?r=layouts/generic
---
2017/01/24 09:52:50 [error] [exception.CHttpException.404] exception 'CHttpException' with message 'Unable to resolve the request "layouts/generic".' in C:\yii\framework\web\CWebApplication.php:286
Stack trace:
#0 C:\yii\framework\web\CWebApplication.php(141): CWebApplication->runController('layouts/generic')
#1 C:\yii\framework\base\CApplication.php(184): CWebApplication->processRequest()
#2 C:\xampp\htdocs\brainyshapes\index.php(13): CApplication->run()
#3 {main}
REQUEST_URI=/brainyshapes/index.php?r=layouts/generic
HTTP_REFERER=http://localhost/brainyshapes/index.php?r=layouts/generic
---
2017/01/24 09:52:54 [error] [exception.CHttpException.404] exception 'CHttpException' with message 'Unable to resolve the request "views/layouts/generic".' in C:\yii\framework\web\CWebApplication.php:286
Stack trace:
#0 C:\yii\framework\web\CWebApplication.php(141): CWebApplication->runController('views/layouts/g...')
#1 C:\yii\framework\base\CApplication.php(184): CWebApplication->processRequest()
#2 C:\xampp\htdocs\brainyshapes\index.php(13): CApplication->run()
#3 {main}
REQUEST_URI=/brainyshapes/index.php?r=views/layouts/generic
HTTP_REFERER=http://localhost/brainyshapes/index.php?r=layouts/generic
---
2017/01/24 09:52:58 [error] [exception.CHttpException.404] exception 'CHttpException' with message 'Unable to resolve the request "views/layouts/main".' in C:\yii\framework\web\CWebApplication.php:286
Stack trace:
#0 C:\yii\framework\web\CWebApplication.php(141): CWebApplication->runController('views/layouts/m...')
#1 C:\yii\framework\base\CApplication.php(184): CWebApplication->processRequest()
#2 C:\xampp\htdocs\brainyshapes\index.php(13): CApplication->run()
#3 {main}
REQUEST_URI=/brainyshapes/index.php?r=views/layouts/main
HTTP_REFERER=http://localhost/brainyshapes/index.php?r=views/layouts/generic
---
2017/01/24 09:53:01 [error] [exception.CHttpException.404] exception 'CHttpException' with message 'Unable to resolve the request "views/layouts/generic".' in C:\yii\framework\web\CWebApplication.php:286
Stack trace:
#0 C:\yii\framework\web\CWebApplication.php(141): CWebApplication->runController('views/layouts/g...')
#1 C:\yii\framework\base\CApplication.php(184): CWebApplication->processRequest()
#2 C:\xampp\htdocs\brainyshapes\index.php(13): CApplication->run()
#3 {main}
REQUEST_URI=/brainyshapes/index.php?r=views/layouts/generic
HTTP_REFERER=http://localhost/brainyshapes/index.php?r=views/layouts/main
---
2017/01/24 09:58:08 [error] [exception.CHttpException.404] exception 'CHttpException' with message 'Unable to resolve the request "views/layouts/generic".' in C:\yii\framework\web\CWebApplication.php:286
Stack trace:
#0 C:\yii\framework\web\CWebApplication.php(141): CWebApplication->runController('views/layouts/g...')
#1 C:\yii\framework\base\CApplication.php(184): CWebApplication->processRequest()
#2 C:\xampp\htdocs\brainyshapes\index.php(13): CApplication->run()
#3 {main}
REQUEST_URI=/brainyshapes/index.php?r=views/layouts/generic
HTTP_REFERER=http://localhost/brainyshapes/index.php?r=views/layouts/main
---
2017/01/24 09:58:10 [error] [exception.CHttpException.404] exception 'CHttpException' with message 'Unable to resolve the request "views/layouts/generic".' in C:\yii\framework\web\CWebApplication.php:286
Stack trace:
#0 C:\yii\framework\web\CWebApplication.php(141): CWebApplication->runController('views/layouts/g...')
#1 C:\yii\framework\base\CApplication.php(184): CWebApplication->processRequest()
#2 C:\xampp\htdocs\brainyshapes\index.php(13): CApplication->run()
#3 {main}
REQUEST_URI=/brainyshapes/index.php?r=views/layouts/generic
HTTP_REFERER=http://localhost/brainyshapes/index.php?r=views/layouts/generic
---
2017/01/24 09:58:14 [error] [exception.CHttpException.404] exception 'CHttpException' with message 'Unable to resolve the request "views/layouts/main".' in C:\yii\framework\web\CWebApplication.php:286
Stack trace:
#0 C:\yii\framework\web\CWebApplication.php(141): CWebApplication->runController('views/layouts/m...')
#1 C:\yii\framework\base\CApplication.php(184): CWebApplication->processRequest()
#2 C:\xampp\htdocs\brainyshapes\index.php(13): CApplication->run()
#3 {main}
REQUEST_URI=/brainyshapes/index.php?r=views/layouts/main
HTTP_REFERER=http://localhost/brainyshapes/index.php?r=views/layouts/generic
---
2017/01/24 09:58:15 [error] [exception.CHttpException.404] exception 'CHttpException' with message 'Unable to resolve the request "views/layouts/generic".' in C:\yii\framework\web\CWebApplication.php:286
Stack trace:
#0 C:\yii\framework\web\CWebApplication.php(141): CWebApplication->runController('views/layouts/g...')
#1 C:\yii\framework\base\CApplication.php(184): CWebApplication->processRequest()
#2 C:\xampp\htdocs\brainyshapes\index.php(13): CApplication->run()
#3 {main}
REQUEST_URI=/brainyshapes/index.php?r=views/layouts/generic
HTTP_REFERER=http://localhost/brainyshapes/index.php?r=views/layouts/main
---
2017/01/24 10:00:25 [error] [exception.CHttpException.404] exception 'CHttpException' with message 'Unable to resolve the request "views/layouts/generic".' in C:\yii\framework\web\CWebApplication.php:286
Stack trace:
#0 C:\yii\framework\web\CWebApplication.php(141): CWebApplication->runController('views/layouts/g...')
#1 C:\yii\framework\base\CApplication.php(184): CWebApplication->processRequest()
#2 C:\xampp\htdocs\brainyshapes\index.php(13): CApplication->run()
#3 {main}
REQUEST_URI=/brainyshapes/index.php?r=views/layouts/generic
HTTP_REFERER=http://localhost/brainyshapes/index.php?r=views/layouts/main
---
2017/01/24 10:00:28 [error] [exception.CHttpException.404] exception 'CHttpException' with message 'Unable to resolve the request "layouts/generic".' in C:\yii\framework\web\CWebApplication.php:286
Stack trace:
#0 C:\yii\framework\web\CWebApplication.php(141): CWebApplication->runController('layouts/generic')
#1 C:\yii\framework\base\CApplication.php(184): CWebApplication->processRequest()
#2 C:\xampp\htdocs\brainyshapes\index.php(13): CApplication->run()
#3 {main}
REQUEST_URI=/brainyshapes/index.php?r=layouts/generic
HTTP_REFERER=http://localhost/brainyshapes/index.php?r=views/layouts/generic
---
2017/01/24 10:00:32 [error] [exception.CHttpException.404] exception 'CHttpException' with message 'Unable to resolve the request "layouts/main".' in C:\yii\framework\web\CWebApplication.php:286
Stack trace:
#0 C:\yii\framework\web\CWebApplication.php(141): CWebApplication->runController('layouts/main')
#1 C:\yii\framework\base\CApplication.php(184): CWebApplication->processRequest()
#2 C:\xampp\htdocs\brainyshapes\index.php(13): CApplication->run()
#3 {main}
REQUEST_URI=/brainyshapes/index.php?r=layouts/main
HTTP_REFERER=http://localhost/brainyshapes/index.php?r=layouts/generic
---
2017/01/24 10:00:33 [error] [exception.CHttpException.404] exception 'CHttpException' with message 'Unable to resolve the request "layouts/generic".' in C:\yii\framework\web\CWebApplication.php:286
Stack trace:
#0 C:\yii\framework\web\CWebApplication.php(141): CWebApplication->runController('layouts/generic')
#1 C:\yii\framework\base\CApplication.php(184): CWebApplication->processRequest()
#2 C:\xampp\htdocs\brainyshapes\index.php(13): CApplication->run()
#3 {main}
REQUEST_URI=/brainyshapes/index.php?r=layouts/generic
HTTP_REFERER=http://localhost/brainyshapes/index.php?r=layouts/main
---
2017/01/24 10:00:40 [error] [exception.CHttpException.404] exception 'CHttpException' with message 'Unable to resolve the request "layouts/generic".' in C:\yii\framework\web\CWebApplication.php:286
Stack trace:
#0 C:\yii\framework\web\CWebApplication.php(141): CWebApplication->runController('layouts/generic')
#1 C:\yii\framework\base\CApplication.php(184): CWebApplication->processRequest()
#2 C:\xampp\htdocs\brainyshapes\index.php(13): CApplication->run()
#3 {main}
REQUEST_URI=/brainyshapes/index.php?r=layouts/generic
HTTP_REFERER=http://localhost/brainyshapes/index.php?r=layouts/main
---
2017/01/24 10:00:41 [error] [exception.CHttpException.404] exception 'CHttpException' with message 'Unable to resolve the request "layouts/generic".' in C:\yii\framework\web\CWebApplication.php:286
Stack trace:
#0 C:\yii\framework\web\CWebApplication.php(141): CWebApplication->runController('layouts/generic')
#1 C:\yii\framework\base\CApplication.php(184): CWebApplication->processRequest()
#2 C:\xampp\htdocs\brainyshapes\index.php(13): CApplication->run()
#3 {main}
REQUEST_URI=/brainyshapes/index.php?r=layouts/generic
HTTP_REFERER=http://localhost/brainyshapes/index.php?r=layouts/main
---
2017/01/24 10:00:43 [error] [exception.CHttpException.404] exception 'CHttpException' with message 'Unable to resolve the request "layouts/generic".' in C:\yii\framework\web\CWebApplication.php:286
Stack trace:
#0 C:\yii\framework\web\CWebApplication.php(141): CWebApplication->runController('layouts/generic')
#1 C:\yii\framework\base\CApplication.php(184): CWebApplication->processRequest()
#2 C:\xampp\htdocs\brainyshapes\index.php(13): CApplication->run()
#3 {main}
REQUEST_URI=/brainyshapes/index.php?r=layouts/generic
HTTP_REFERER=http://localhost/brainyshapes/index.php?r=layouts/generic
---
2017/01/24 10:00:54 [error] [exception.CHttpException.404] exception 'CHttpException' with message 'Unable to resolve the request "layouts/generic".' in C:\yii\framework\web\CWebApplication.php:286
Stack trace:
#0 C:\yii\framework\web\CWebApplication.php(141): CWebApplication->runController('layouts/generic')
#1 C:\yii\framework\base\CApplication.php(184): CWebApplication->processRequest()
#2 C:\xampp\htdocs\brainyshapes\index.php(13): CApplication->run()
#3 {main}
REQUEST_URI=/brainyshapes/index.php?r=layouts/generic
HTTP_REFERER=http://localhost/brainyshapes/index.php?r=layouts/generic
---
2017/01/24 10:00:55 [error] [exception.CHttpException.404] exception 'CHttpException' with message 'Unable to resolve the request "layouts/genewric".' in C:\yii\framework\web\CWebApplication.php:286
Stack trace:
#0 C:\yii\framework\web\CWebApplication.php(141): CWebApplication->runController('layouts/genewri...')
#1 C:\yii\framework\base\CApplication.php(184): CWebApplication->processRequest()
#2 C:\xampp\htdocs\brainyshapes\index.php(13): CApplication->run()
#3 {main}
REQUEST_URI=/brainyshapes/index.php?r=layouts/genewric
HTTP_REFERER=http://localhost/brainyshapes/index.php?r=layouts/generic
---
2017/01/24 10:13:52 [error] [exception.CHttpException.404] exception 'CHttpException' with message 'Unable to resolve the request "layouts/generic".' in C:\yii\framework\web\CWebApplication.php:286
Stack trace:
#0 C:\yii\framework\web\CWebApplication.php(141): CWebApplication->runController('layouts/generic')
#1 C:\yii\framework\base\CApplication.php(184): CWebApplication->processRequest()
#2 C:\xampp\htdocs\brainyshapes\index.php(13): CApplication->run()
#3 {main}
REQUEST_URI=/brainyshapes/index.php?r=layouts/generic
HTTP_REFERER=http://localhost/brainyshapes/index.php
---
2017/01/24 10:15:47 [error] [exception.CHttpException.404] exception 'CHttpException' with message 'The system is unable to find the requested action "layouts".' in C:\yii\framework\web\CController.php:483
Stack trace:
#0 C:\yii\framework\web\CController.php(270): CController->missingAction('layouts')
#1 C:\yii\framework\web\CWebApplication.php(282): CController->run('layouts')
#2 C:\yii\framework\web\CWebApplication.php(141): CWebApplication->runController('site/layouts/ge...')
#3 C:\yii\framework\base\CApplication.php(184): CWebApplication->processRequest()
#4 C:\xampp\htdocs\brainyshapes\index.php(13): CApplication->run()
#5 {main}
REQUEST_URI=/brainyshapes/index.php?r=site/layouts/generic
HTTP_REFERER=http://localhost/brainyshapes/index.php
---
2017/01/24 10:16:27 [error] [exception.CHttpException.404] exception 'CHttpException' with message 'Unable to resolve the request "layouts/generic".' in C:\yii\framework\web\CWebApplication.php:286
Stack trace:
#0 C:\yii\framework\web\CWebApplication.php(141): CWebApplication->runController('layouts/generic')
#1 C:\yii\framework\base\CApplication.php(184): CWebApplication->processRequest()
#2 C:\xampp\htdocs\brainyshapes\index.php(13): CApplication->run()
#3 {main}
REQUEST_URI=/brainyshapes/index.php?r=layouts/generic
HTTP_REFERER=http://localhost/brainyshapes/index.php
---
2017/01/24 10:16:48 [error] [exception.CHttpException.404] exception 'CHttpException' with message 'Unable to resolve the request "generic".' in C:\yii\framework\web\CWebApplication.php:286
Stack trace:
#0 C:\yii\framework\web\CWebApplication.php(141): CWebApplication->runController('generic')
#1 C:\yii\framework\base\CApplication.php(184): CWebApplication->processRequest()
#2 C:\xampp\htdocs\brainyshapes\index.php(13): CApplication->run()
#3 {main}
REQUEST_URI=/brainyshapes/index.php?r=generic
HTTP_REFERER=http://localhost/brainyshapes/index.php
---
2017/01/24 10:17:20 [error] [exception.CHttpException.404] exception 'CHttpException' with message 'Unable to resolve the request "generic".' in C:\yii\framework\web\CWebApplication.php:286
Stack trace:
#0 C:\yii\framework\web\CWebApplication.php(141): CWebApplication->runController('generic')
#1 C:\yii\framework\base\CApplication.php(184): CWebApplication->processRequest()
#2 C:\xampp\htdocs\brainyshapes\index.php(13): CApplication->run()
#3 {main}
REQUEST_URI=/brainyshapes/index.php?r=generic
HTTP_REFERER=http://localhost/brainyshapes/index.php
---
2017/01/24 10:17:40 [error] [exception.CHttpException.404] exception 'CHttpException' with message 'Unable to resolve the request "main".' in C:\yii\framework\web\CWebApplication.php:286
Stack trace:
#0 C:\yii\framework\web\CWebApplication.php(141): CWebApplication->runController('main')
#1 C:\yii\framework\base\CApplication.php(184): CWebApplication->processRequest()
#2 C:\xampp\htdocs\brainyshapes\index.php(13): CApplication->run()
#3 {main}
REQUEST_URI=/brainyshapes/index.php?r=main
HTTP_REFERER=http://localhost/brainyshapes/index.php
---
2017/01/24 10:17:53 [error] [exception.CHttpException.404] exception 'CHttpException' with message 'Unable to resolve the request "index".' in C:\yii\framework\web\CWebApplication.php:286
Stack trace:
#0 C:\yii\framework\web\CWebApplication.php(141): CWebApplication->runController('index')
#1 C:\yii\framework\base\CApplication.php(184): CWebApplication->processRequest()
#2 C:\xampp\htdocs\brainyshapes\index.php(13): CApplication->run()
#3 {main}
REQUEST_URI=/brainyshapes/index.php?r=index
HTTP_REFERER=http://localhost/brainyshapes/index.php
---
2017/01/24 10:21:08 [error] [exception.CHttpException.404] exception 'CHttpException' with message 'The system is unable to find the requested action "pages".' in C:\yii\framework\web\CController.php:483
Stack trace:
#0 C:\yii\framework\web\CController.php(270): CController->missingAction('pages')
#1 C:\yii\framework\web\CWebApplication.php(282): CController->run('pages')
#2 C:\yii\framework\web\CWebApplication.php(141): CWebApplication->runController('site/pages/gene...')
#3 C:\yii\framework\base\CApplication.php(184): CWebApplication->processRequest()
#4 C:\xampp\htdocs\brainyshapes\index.php(13): CApplication->run()
#5 {main}
REQUEST_URI=/brainyshapes/index.php?r=site/pages/generic
HTTP_REFERER=http://localhost/brainyshapes/index.php
---
2017/01/24 10:21:40 [error] [exception.CHttpException.404] exception 'CHttpException' with message 'The system is unable to find the requested action "pages".' in C:\yii\framework\web\CController.php:483
Stack trace:
#0 C:\yii\framework\web\CController.php(270): CController->missingAction('pages')
#1 C:\yii\framework\web\CWebApplication.php(282): CController->run('pages')
#2 C:\yii\framework\web\CWebApplication.php(141): CWebApplication->runController('site/pages/gene...')
#3 C:\yii\framework\base\CApplication.php(184): CWebApplication->processRequest()
#4 C:\xampp\htdocs\brainyshapes\index.php(13): CApplication->run()
#5 {main}
REQUEST_URI=/brainyshapes/index.php?r=site/pages/generic
HTTP_REFERER=http://localhost/brainyshapes/index.php?r=site/index
---
2017/01/24 10:22:36 [error] [exception.CException] exception 'CException' with message 'SiteController cannot find the requested view "generic".' in C:\yii\framework\web\CController.php:878
Stack trace:
#0 C:\yii\framework\web\CController.php(782): CController->renderPartial('generic', NULL, true)
#1 C:\xampp\htdocs\brainyshapes\protected\controllers\SiteController.php(37): CController->render('generic')
#2 C:\yii\framework\web\actions\CInlineAction.php(49): SiteController->actionGeneric()
#3 C:\yii\framework\web\CController.php(308): CInlineAction->runWithParams(Array)
#4 C:\yii\framework\web\CController.php(286): CController->runAction(Object(CInlineAction))
#5 C:\yii\framework\web\CController.php(265): CController->runActionWithFilters(Object(CInlineAction), Array)
#6 C:\yii\framework\web\CWebApplication.php(282): CController->run('generic')
#7 C:\yii\framework\web\CWebApplication.php(141): CWebApplication->runController('site/generic')
#8 C:\yii\framework\base\CApplication.php(184): CWebApplication->processRequest()
#9 C:\xampp\htdocs\brainyshapes\index.php(13): CApplication->run()
#10 {main}
REQUEST_URI=/brainyshapes/index.php?r=site/generic
HTTP_REFERER=http://localhost/brainyshapes/index.php?r=site/index
---
2017/01/24 10:23:03 [error] [exception.CException] exception 'CException' with message 'SiteController cannot find the requested view "site/pages/generic".' in C:\yii\framework\web\CController.php:878
Stack trace:
#0 C:\yii\framework\web\CController.php(782): CController->renderPartial('site/pages/gene...', NULL, true)
#1 C:\xampp\htdocs\brainyshapes\protected\controllers\SiteController.php(37): CController->render('site/pages/gene...')
#2 C:\yii\framework\web\actions\CInlineAction.php(49): SiteController->actionGeneric()
#3 C:\yii\framework\web\CController.php(308): CInlineAction->runWithParams(Array)
#4 C:\yii\framework\web\CController.php(286): CController->runAction(Object(CInlineAction))
#5 C:\yii\framework\web\CController.php(265): CController->runActionWithFilters(Object(CInlineAction), Array)
#6 C:\yii\framework\web\CWebApplication.php(282): CController->run('generic')
#7 C:\yii\framework\web\CWebApplication.php(141): CWebApplication->runController('site/generic')
#8 C:\yii\framework\base\CApplication.php(184): CWebApplication->processRequest()
#9 C:\xampp\htdocs\brainyshapes\index.php(13): CApplication->run()
#10 {main}
REQUEST_URI=/brainyshapes/index.php?r=site/generic
HTTP_REFERER=http://localhost/brainyshapes/index.php?r=site/index
---
2017/01/25 15:30:43 [error] [exception.CHttpException.404] exception 'CHttpException' with message 'The system is unable to find the requested action "jatekmester_leiras".' in C:\yii\framework\web\CController.php:483
Stack trace:
#0 C:\yii\framework\web\CController.php(270): CController->missingAction('jatekmester_lei...')
#1 C:\yii\framework\web\CWebApplication.php(282): CController->run('jatekmester_lei...')
#2 C:\yii\framework\web\CWebApplication.php(141): CWebApplication->runController('site/jatekmeste...')
#3 C:\yii\framework\base\CApplication.php(184): CWebApplication->processRequest()
#4 C:\xampp\htdocs\brainyshapes\index.php(13): CApplication->run()
#5 {main}
REQUEST_URI=/brainyshapes/index.php?r=site/jatekmester_leiras
HTTP_REFERER=http://localhost/brainyshapes/index.php
---
2017/01/25 15:39:04 [error] [exception.CHttpException.404] exception 'CHttpException' with message 'The system is unable to find the requested action "jatekmester_leiras".' in C:\yii\framework\web\CController.php:483
Stack trace:
#0 C:\yii\framework\web\CController.php(270): CController->missingAction('jatekmester_lei...')
#1 C:\yii\framework\web\CWebApplication.php(282): CController->run('jatekmester_lei...')
#2 C:\yii\framework\web\CWebApplication.php(141): CWebApplication->runController('site/jatekmeste...')
#3 C:\yii\framework\base\CApplication.php(184): CWebApplication->processRequest()
#4 C:\xampp\htdocs\brainyshapes\index.php(13): CApplication->run()
#5 {main}
REQUEST_URI=/brainyshapes/index.php?r=site/jatekmester_leiras
HTTP_REFERER=http://localhost/brainyshapes/index.php
---
2017/01/26 14:57:16 [error] [exception.CHttpException.404] exception 'CHttpException' with message 'The system is unable to find the requested action "teljesites_jelzok_leiras".' in C:\yii\framework\web\CController.php:483
Stack trace:
#0 C:\yii\framework\web\CController.php(270): CController->missingAction('teljesites_jelz...')
#1 C:\yii\framework\web\CWebApplication.php(282): CController->run('teljesites_jelz...')
#2 C:\yii\framework\web\CWebApplication.php(141): CWebApplication->runController('site/teljesites...')
#3 C:\yii\framework\base\CApplication.php(184): CWebApplication->processRequest()
#4 C:\xampp\htdocs\brainyshapes\index.php(15): CApplication->run()
#5 {main}
REQUEST_URI=/brainyshapes/index.php?r=site/teljesites_jelzok_leiras
HTTP_REFERER=http://localhost/brainyshapes/index.php?r=site/kartyak_leiras
---
2017/01/27 12:39:19 [error] [php] Undefined variable: model (C:\xampp\htdocs\brainyshapes\protected\views\site\pages\eredmenyek.php:86)
Stack trace:
#0 C:\yii\framework\web\CController.php(869): SiteController->renderFile()
#1 C:\yii\framework\web\CController.php(782): SiteController->renderPartial()
#2 C:\xampp\htdocs\brainyshapes\protected\controllers\SiteController.php(62): SiteController->render()
#3 C:\yii\framework\web\actions\CInlineAction.php(49): SiteController->actionEredmenyek()
#4 C:\yii\framework\web\CController.php(308): CInlineAction->runWithParams()
#5 C:\yii\framework\web\CController.php(286): SiteController->runAction()
#6 C:\yii\framework\web\CController.php(265): SiteController->runActionWithFilters()
#7 C:\yii\framework\web\CWebApplication.php(282): SiteController->run()
#8 C:\yii\framework\web\CWebApplication.php(141): CWebApplication->runController()
#9 C:\yii\framework\base\CApplication.php(184): CWebApplication->processRequest()
#10 C:\xampp\htdocs\brainyshapes\index.php(15): CWebApplication->run()
REQUEST_URI=/brainyshapes/index.php?r=site/eredmenyek
in C:\xampp\htdocs\brainyshapes\protected\views\site\pages\eredmenyek.php (86)
in C:\xampp\htdocs\brainyshapes\protected\controllers\SiteController.php (62)
in C:\xampp\htdocs\brainyshapes\index.php (15)
2017/01/27 12:39:35 [error] [exception.CException] exception 'CException' with message 'SiteController cannot find the requested view "view1".' in C:\yii\framework\web\CController.php:878
Stack trace:
#0 C:\yii\framework\web\widgets\CTabView.php(217): CController->renderPartial('view1', NULL)
#1 C:\yii\framework\web\widgets\CTabView.php(149): CTabView->renderBody()
#2 C:\yii\framework\web\CBaseController.php(181): CTabView->run()
#3 C:\xampp\htdocs\brainyshapes\protected\views\site\pages\eredmenyek.php(92): CBaseController->widget('CTabView', Array)
#4 C:\yii\framework\web\CBaseController.php(126): require('C:\\xampp\\htdocs...')
#5 C:\yii\framework\web\CBaseController.php(95): CBaseController->renderInternal('C:\\xampp\\htdocs...', NULL, true)
#6 C:\yii\framework\web\CController.php(869): CBaseController->renderFile('C:\\xampp\\htdocs...', NULL, true)
#7 C:\yii\framework\web\CController.php(782): CController->renderPartial('pages/eredmenye...', NULL, true)
#8 C:\xampp\htdocs\brainyshapes\protected\controllers\SiteController.php(62): CController->render('pages/eredmenye...')
#9 C:\yii\framework\web\actions\CInlineAction.php(49): SiteController->actionEredmenyek()
#10 C:\yii\framework\web\CController.php(308): CInlineAction->runWithParams(Array)
#11 C:\yii\framework\web\CController.php(286): CController->runAction(Object(CInlineAction))
#12 C:\yii\framework\web\CController.php(265): CController->runActionWithFilters(Object(CInlineAction), Array)
#13 C:\yii\framework\web\CWebApplication.php(282): CController->run('eredmenyek')
#14 C:\yii\framework\web\CWebApplication.php(141): CWebApplication->runController('site/eredmenyek')
#15 C:\yii\framework\base\CApplication.php(184): CWebApplication->processRequest()
#16 C:\xampp\htdocs\brainyshapes\index.php(15): CApplication->run()
#17 {main}
REQUEST_URI=/brainyshapes/index.php?r=site/eredmenyek
---
